<?xml version="1.0" encoding="UTF-8"?>
<!-- Generated by org.testng.reporters.JUnitReportReporter -->
<testsuite hostname="LAPTOP-M2MFI3EJ" failures="0" tests="3" name="amazonDemo.OrderDemo2" time="24.376" errors="0" timestamp="2024-11-11T17:17:52 IST" skipped="0">
  <testcase classname="amazonDemo.OrderDemo2" name="createaccount" time="2.582"/>
  <system-out/>
  <testcase classname="amazonDemo.OrderDemo2" name="searchheadphones" time="16.099"/>
  <system-out/>
  <testcase classname="amazonDemo.OrderDemo2" name="Cart" time="5.695"/>
  <system-out/>
</testsuite> <!-- amazonDemo.OrderDemo2 -->
